<?xml version="1.0" encoding="UTF-8"?><testsuite errors="0" failures="0" name="com.petstore.testsuite.PetCurdTest" skipped="0" tests="3" time="6.25" timestamp="2023-01-02T23:24:05.731Z[Europe/London]"><testcase classname="com.petstore.testsuite.PetCurdTest" name="This will create new user"/><testcase classname="com.petstore.testsuite.PetCurdTest" name="This test will Update the user information"/><testcase classname="com.petstore.testsuite.PetCurdTest" name="Delete the pet and verify if the user is deleted!"/></testsuite>