<?xml version="1.0" encoding="UTF-8"?><testsuite errors="0" failures="0" name="com.petstore.testsuite.UserCurdTest" skipped="0" tests="3" time="2.38" timestamp="2023-01-02T23:24:13.016Z[Europe/London]"><testcase classname="com.petstore.testsuite.UserCurdTest" name="This will create new user"/><testcase classname="com.petstore.testsuite.UserCurdTest" name="This test will Update the user information"/><testcase classname="com.petstore.testsuite.UserCurdTest" name="Delete the pet and verify if the user is deleted!"/></testsuite>